<?xml version="1.0" encoding="UTF-8"?>
<!-- Generated by org.testng.reporters.JUnitXMLReporter -->
<testsuite ignored="9" hostname="Lenovo" failures="0" tests="1" name="Default test" time="10.005" errors="0" timestamp="2024-01-27T22:12:56 IST">
  <testcase classname="test.LoginTest" name="VerifyIfUserIsAbleToAddProductIntoCartFromProductDiscriptionPage" time="0.264"/>
  <testcase classname="test.LoginTest" name="VerifyIfUserIsAbleToAddTheProductIntoCart" time="0.0">
    <ignored/>
  </testcase> <!-- VerifyIfUserIsAbleToAddTheProductIntoCart -->
  <testcase classname="test.LoginTest" name="VerifyIfUserIsAbleToCancelTheOrder" time="0.0">
    <ignored/>
  </testcase> <!-- VerifyIfUserIsAbleToCancelTheOrder -->
  <testcase classname="test.LoginTest" name="VerifyIfTheDetailsOnCartPageIsSimilarToPdp" time="0.0">
    <ignored/>
  </testcase> <!-- VerifyIfTheDetailsOnCartPageIsSimilarToPdp -->
  <testcase classname="test.LoginTest" name="VerifyIfUserIsAbleToOrderTheMultipleProduct" time="0.0">
    <ignored/>
  </testcase> <!-- VerifyIfUserIsAbleToOrderTheMultipleProduct -->
  <testcase classname="test.LoginTest" name="VerifyIfUserIsAbleToOrderTheProductSucessfully" time="0.0">
    <ignored/>
  </testcase> <!-- VerifyIfUserIsAbleToOrderTheProductSucessfully -->
  <testcase classname="test.LoginTest" name="VerifyIfUserIsAbleToRemoveProductFromCart" time="0.0">
    <ignored/>
  </testcase> <!-- VerifyIfUserIsAbleToRemoveProductFromCart -->
  <testcase classname="test.LoginTest" name="VerifyIfUserIsAbleToEnterThePersonalInformation" time="0.0">
    <ignored/>
  </testcase> <!-- VerifyIfUserIsAbleToEnterThePersonalInformation -->
  <testcase classname="test.LoginTest" name="verifyIfAdditonOfMultipleProductPriceIsEqualToTotalPrice" time="0.0">
    <ignored/>
  </testcase> <!-- verifyIfAdditonOfMultipleProductPriceIsEqualToTotalPrice -->
  <testcase classname="test.LoginTest" name="VerifyIfUserIsAbleToaddTheMultipleProductIntoCart" time="0.0">
    <ignored/>
  </testcase> <!-- VerifyIfUserIsAbleToaddTheMultipleProductIntoCart -->
</testsuite> <!-- Default test -->
