<?xml version="1.0" encoding="UTF-8"?>
<!-- Generated by org.testng.reporters.JUnitXMLReporter -->
<testsuite ignored="0" hostname="Lenovo" failures="0" tests="10" name="Default test" time="117.942" errors="0" timestamp="2024-01-28T13:39:22 IST">
  <testcase classname="test.Swag_LabsTest" name="VerifyIfUserIsAbleToAddTheProductIntoCart" time="0.555"/>
  <testcase classname="test.Swag_LabsTest" name="VerifyIfUserIsAbleToaddTheMultipleProductIntoCart" time="0.153"/>
  <testcase classname="test.Swag_LabsTest" name="VerifyIfUserIsAbleToRemoveProductFromCart" time="0.446"/>
  <testcase classname="test.Swag_LabsTest" name="VerifyIfTheDetailsOnCartPageIsSimilarToPdp" time="0.46"/>
  <testcase classname="test.Swag_LabsTest" name="VerifyIfUserIsAbleToEnterThePersonalInformation" time="0.439"/>
  <testcase classname="test.Swag_LabsTest" name="VerifyIfUserIsAbleToOrderTheProductSucessfully" time="0.665"/>
  <testcase classname="test.Swag_LabsTest" name="VerifyIfUserIsAbleToCancelTheOrder" time="0.497"/>
  <testcase classname="test.Swag_LabsTest" name="VerifyIfUserIsAbleToOrderTheMultipleProduct" time="0.852"/>
  <testcase classname="test.Swag_LabsTest" name="verifyIfAdditonOfMultipleProductPriceIsEqualToTotalPrice" time="0.616"/>
  <testcase classname="test.Swag_LabsTest" name="VerifyIfUserIsAbleToAddProductIntoCartFromProductDiscriptionPage" time="0.169"/>
</testsuite> <!-- Default test -->
